Tech node (nm), Capacity (bytes), Number of banks, Associativity, Output width (bits), Access time (ns), Random cycle time (ns), Dynamic search energy (nJ), Dynamic read energy (nJ), Dynamic write energy (nJ), Standby leakage per bank(mW), Area (mm2), Ndwl, Ndbl, Nspd, Ndcm, Ndsam_level_1, Ndsam_level_2, Data arrary area efficiency %, Ntwl, Ntbl, Ntspd, Ntcm, Ntsam_level_1, Ntsam_level_2, Tag arrary area efficiency %, 
90, 131072, 1, 2, 512, 1.47098, 1.86851, N/A, 0.303592, 0.615022, 63.7023, 2.24949, 2, 2, 1, 2, 2, 1, 78.3192, 2, 2, 4, 1, 8, 1, 77.9289, 
90, 131072, 1, 2, 512, 1.47098, 1.86851, N/A, 0.303592, 0.615022, 63.7023, 2.24949, 2, 2, 1, 2, 2, 1, 78.3192, 2, 2, 4, 1, 8, 1, 77.9289, 
90, 131072, 1, 2, 512, 1.47098, 1.86851, N/A, 0.303592, 0.615022, 63.7023, 2.24949, 2, 2, 1, 2, 2, 1, 78.3192, 2, 2, 4, 1, 8, 1, 77.9289, 
65, 67108864, 1, 1, 64, 11.9198, 16.7226, N/A, 0.849733, 350.849, 6890.5, 108.384, 256, 256, 64, 1, 4, 4, 14.1265, N/A, N/A, N/A, N/A, N/A, N/A, N/A, 
65, 67108864, 1, 1, 64, 11.9198, 16.7226, N/A, 0.849733, 350.849, 6890.5, 108.384, 256, 256, 4, 1, 4, 4, 14.1265, N/A, N/A, N/A, N/A, N/A, N/A, N/A, 
65, 67108864, 1, 1, 64, 11.9198, 16.7226, N/A, 0.849733, 350.849, 6890.5, 108.384, 256, 256, 4, 1, 4, 4, 14.1265, N/A, N/A, N/A, N/A, N/A, N/A, N/A, 
65, 67108864, 1, 1, 64, 11.3706, 4.29836, N/A, 0.841329, 7.92213, 13448.5, 287.289, 512, 512, 4, 1, 2, 8, 5.80094, 4, 4, 64, 64, 1, 1, 77.2354, 
65, 67108864, 1, 1, 64, 11.3706, 4.29836, N/A, 0.804961, 7.89714, 13210.5, 263.938, 512, 512, 4, 1, 2, 8, 5.80094, N/A, N/A, N/A, N/A, N/A, N/A, N/A, 
65, 67108864, 1, 1, 64, 11.3706, 4.29836, N/A, 0.804961, 7.89714, 13210.5, 263.938, 512, 512, 4, 1, 2, 8, 5.80094, N/A, N/A, N/A, N/A, N/A, N/A, N/A, 
65, 67108864, 1, 1, 64, 11.3706, 4.29836, N/A, 0.841329, 7.92213, 13448.5, 287.289, 512, 512, 4, 1, 2, 8, 5.80094, 4, 4, 64, 64, 1, 1, 77.2354, 
65, 67108864, 1, 1, 64, 11.3706, 4.29836, N/A, 0.841329, 7.92213, 13448.5, 287.289, 512, 512, 4, 1, 2, 8, 5.80094, 4, 4, 64, 64, 1, 1, 77.2354, 
65, 67108864, 1, 1, 64, 11.3706, 4.29836, N/A, 0.841329, 7.92213, 13448.5, 287.289, 512, 512, 4, 1, 2, 8, 5.80094, 4, 4, 64, 64, 1, 1, 77.2354, 
65, 67108864, 1, 1, 64, 11.3706, 4.29836, N/A, 0.804961, 7.89714, 13210.5, 263.938, 512, 512, 4, 1, 2, 8, 5.80094, N/A, N/A, N/A, N/A, N/A, N/A, N/A, 
65, 67108864, 1, 1, 64, 11.9198, 16.7226, N/A, 0.849733, 350.849, 6890.5, 108.384, 256, 256, 4, 1, 4, 4, 14.1265, N/A, N/A, N/A, N/A, N/A, N/A, N/A, 
65, 67108864, 1, 1, 64, 10.6019, 0.705746, N/A, 1.12846, 1.10339, 96931.3, 544.452, 64, 128, 2, 1, 2, 16, 73.7211, 4, 4, 64, 64, 1, 1, 77.2354, 
65, 67108864, 1, 1, 64, 10.6019, 0.705746, N/A, 1.12846, 1.10339, 96931.3, 544.452, 64, 128, 2, 1, 2, 16, 73.7211, 4, 4, 64, 64, 1, 1, 77.2354, 
65, 33554432, 1, 1, 64, 10.1878, 4.2363, N/A, 0.697349, 11.0355, 8349.84, 171.6, 256, 512, 4, 1, 4, 8, 4.75181, 2, 4, 32, 1, 16, 4, 79.6914, 
65, 33554432, 1, 1, 64, 12.2463, 6.70173, N/A, 0.438667, 3.28586, 2089.99, 74.598, 128, 128, 4, 1, 1, 16, 13.0808, 128, 32, 64, 1, 2, 1, 22.1091, 
65, 67108864, 1, 1, 64, 13.103, 6.70173, N/A, 0.586665, 11.7206, 4134.93, 135.181, 128, 256, 4, 1, 2, 16, 15.8903, 128, 32, 128, 1, 4, 1, 26.6779, 
65, 67108864, 1, 1, 64, 13.103, 6.70173, N/A, 0.586665, 11.7206, 4134.93, 135.181, 128, 256, 4, 1, 2, 16, 15.8903, 128, 32, 128, 1, 4, 1, 26.6779, 
65, 67108864, 1, 1, 64, 11.3706, 4.29836, N/A, 0.804961, 7.89714, 13210.5, 263.938, 512, 512, 4, 1, 2, 8, 5.80094, N/A, N/A, N/A, N/A, N/A, N/A, N/A, 
65, 67108864, 1, 1, 64, 11.3706, 4.29836, N/A, 0.804961, 7.89714, 13210.5, 263.938, 512, 512, 4, 1, 2, 8, 5.80094, N/A, N/A, N/A, N/A, N/A, N/A, N/A, 
65, 67108864, 1, 1, 64, 11.9198, 16.7226, N/A, 0.849733, 350.849, 6890.5, 108.384, 256, 256, 4, 1, 4, 4, 14.1265, N/A, N/A, N/A, N/A, N/A, N/A, N/A, 
65, 33554432, 1, 1, 64, 10.045, 14.8481, N/A, 0.803015, 595.955, 2583.57, 36.2352, 128, 128, 2, 1, 4, 4, 21.1271, N/A, N/A, N/A, N/A, N/A, N/A, N/A, 
65, 33554432, 1, 1, 64, 10.045, 14.8481, N/A, 0.803015, 595.955, 2583.57, 36.2352, 128, 128, 2, 1, 4, 4, 21.1271, N/A, N/A, N/A, N/A, N/A, N/A, N/A, 
65, 33554432, 1, 1, 64, 10.1878, 4.2363, N/A, 0.657783, 11.0188, 8226.18, 161.106, 256, 512, 4, 1, 4, 8, 4.75181, N/A, N/A, N/A, N/A, N/A, N/A, N/A, 
65, 33554432, 1, 1, 64, 8.26898, 0.71961, N/A, 0.81995, 0.790273, 48490.5, 274.244, 64, 64, 2, 1, 1, 16, 70.7408, 2, 4, 32, 1, 16, 4, 79.6914, 
65, 33554432, 1, 1, 64, 8.26898, 0.71961, N/A, 0.81995, 0.790273, 48490.5, 274.244, 64, 64, 2, 1, 1, 16, 70.7408, 2, 4, 32, 1, 16, 4, 79.6914, 
65, 33554432, 1, 1, 64, 12.2463, 6.70173, N/A, 0.438667, 3.28586, 2089.99, 74.598, 128, 128, 4, 1, 1, 16, 13.0808, 128, 32, 64, 1, 2, 1, 22.1091, 
65, 33554432, 1, 1, 64, 12.2463, 6.70173, N/A, 0.438667, 3.28586, 2089.99, 74.598, 128, 128, 4, 1, 1, 16, 13.0808, 128, 32, 64, 1, 2, 1, 22.1091, 
65, 33554432, 1, 1, 64, 12.2463, 6.70173, N/A, 0.438667, 3.28586, 2089.99, 74.598, 128, 128, 4, 1, 1, 16, 13.0808, 128, 32, 64, 1, 2, 1, 22.1091, 
65, 33554432, 1, 1, 64, 10.1878, 4.2363, N/A, 0.657783, 11.0188, 8226.18, 161.106, 256, 512, 4, 1, 4, 8, 4.75181, N/A, N/A, N/A, N/A, N/A, N/A, N/A, 
65, 33554432, 1, 1, 64, 10.1878, 4.2363, N/A, 0.657783, 11.0188, 8226.18, 161.106, 256, 512, 4, 1, 4, 8, 4.75181, N/A, N/A, N/A, N/A, N/A, N/A, N/A, 
65, 33554432, 1, 1, 64, 10.045, 14.8481, N/A, 0.803015, 595.955, 2583.57, 36.2352, 128, 128, 2, 1, 4, 4, 21.1271, N/A, N/A, N/A, N/A, N/A, N/A, N/A, 
65, 67108864, 1, 1, 64, 11.9198, 16.7226, N/A, 0.849733, 350.849, 6890.5, 108.384, 256, 256, 4, 1, 4, 4, 14.1265, N/A, N/A, N/A, N/A, N/A, N/A, N/A, 
65, 67108864, 1, 1, 64, 11.3706, 4.29836, N/A, 0.804961, 7.89714, 13210.5, 263.938, 512, 512, 4, 1, 2, 8, 5.80094, N/A, N/A, N/A, N/A, N/A, N/A, N/A, 
65, 67108864, 1, 1, 64, 10.6019, 0.705746, N/A, 1.12846, 1.10339, 96931.3, 544.452, 64, 128, 2, 1, 2, 16, 73.7211, 4, 4, 64, 64, 1, 1, 77.2354, 
65, 33554432, 1, 1, 64, 8.26898, 0.71961, N/A, 0.81995, 0.790273, 48490.5, 274.244, 64, 64, 2, 1, 1, 16, 70.7408, 2, 4, 32, 1, 16, 4, 79.6914, 
65, 33554432, 1, 1, 64, 12.2463, 6.70173, N/A, 0.438667, 3.28586, 2089.99, 74.598, 128, 128, 4, 1, 1, 16, 13.0808, 128, 32, 64, 1, 2, 1, 22.1091, 
